<?xml version="1.0" encoding="UTF-8"?>
<!-- Generated by org.testng.reporters.JUnitReportReporter -->
<testsuite hostname="Siva" failures="0" tests="5" name="com.demoacti.tests.LoginPageTest" time="27.061" errors="0" timestamp="2022-08-07T19:12:17 CDT" skipped="0">
  <testcase classname="com.demoacti.tests.LoginPageTest" name="testLogoDisplayed" time="4.155"/>
  <system-out/>
  <testcase classname="com.demoacti.tests.LoginPageTest" name="testLoginpage" time="3.050"/>
  <system-out/>
  <testcase classname="com.demoacti.tests.LoginPageTest" name="testlogin" time="6.439"/>
  <system-out/>
  <testcase classname="com.demoacti.tests.LoginPageTest" name="testForgotPasswordLiknDispalyed" time="3.204"/>
  <system-out/>
  <testcase classname="com.demoacti.tests.LoginPageTest" name="testloginFunction" time="10.213"/>
  <system-out/>
</testsuite> <!-- com.demoacti.tests.LoginPageTest -->
